<?xml version="1.0" encoding="UTF-8"?>
<coverage generated="1607927600040" clover="3.2.0">
  <project timestamp="1607927600041" name="All files">
    <metrics statements="16" coveredstatements="16" conditionals="6" coveredconditionals="3" methods="2" coveredmethods="2" elements="24" coveredelements="21" complexity="0" loc="16" ncloc="16" packages="2" files="3" classes="3"/>
    <package name="src">
      <metrics statements="11" coveredstatements="11" conditionals="4" coveredconditionals="2" methods="0" coveredmethods="0"/>
      <file name="bootstrap.ts" path="/mnt/d/Project/smzdm-noty/packages/env-config/src/bootstrap.ts">
        <metrics statements="4" coveredstatements="4" conditionals="0" coveredconditionals="0" methods="0" coveredmethods="0"/>
        <line num="1" count="1" type="stmt"/>
        <line num="2" count="1" type="stmt"/>
        <line num="4" count="1" type="stmt"/>
        <line num="6" count="1" type="stmt"/>
      </file>
      <file name="index.ts" path="/mnt/d/Project/smzdm-noty/packages/env-config/src/index.ts">
        <metrics statements="7" coveredstatements="7" conditionals="4" coveredconditionals="2" methods="0" coveredmethods="0"/>
        <line num="1" count="1" type="stmt"/>
        <line num="2" count="1" type="stmt"/>
        <line num="3" count="1" type="stmt"/>
        <line num="5" count="1" type="stmt"/>
        <line num="23" count="1" type="stmt"/>
        <line num="28" count="1" type="stmt"/>
        <line num="36" count="1" type="stmt"/>
      </file>
    </package>
    <package name="src.utils">
      <metrics statements="5" coveredstatements="5" conditionals="2" coveredconditionals="1" methods="2" coveredmethods="2"/>
      <file name="string-format.ts" path="/mnt/d/Project/smzdm-noty/packages/env-config/src/utils/string-format.ts">
        <metrics statements="5" coveredstatements="5" conditionals="2" coveredconditionals="1" methods="2" coveredmethods="2"/>
        <line num="6" count="8" type="stmt"/>
        <line num="7" count="2" type="stmt"/>
        <line num="8" count="2" type="stmt"/>
        <line num="9" count="2" type="stmt"/>
        <line num="10" count="2" type="cond" truecount="1" falsecount="1"/>
      </file>
    </package>
  </project>
</coverage>
