{"/mnt/d/Project/smzdm-noty/packages/env-config/src/bootstrap.ts": {"path":"/mnt/d/Project/smzdm-noty/packages/env-config/src/bootstrap.ts","statementMap":{"0":{"start":{"line":1,"column":0},"end":{"line":1,"column":35}},"1":{"start":{"line":2,"column":0},"end":{"line":2,"column":29}},"2":{"start":{"line":4,"column":27},"end":{"line":4,"column":57}},"3":{"start":{"line":6,"column":0},"end":{"line":9,"column":3}}},"fnMap":{},"branchMap":{},"s":{"0":1,"1":1,"2":1,"3":1},"f":{},"b":{}}
,"/mnt/d/Project/smzdm-noty/packages/env-config/src/index.ts": {"path":"/mnt/d/Project/smzdm-noty/packages/env-config/src/index.ts","statementMap":{"0":{"start":{"line":1,"column":0},"end":{"line":1,"column":21}},"1":{"start":{"line":2,"column":0},"end":{"line":2,"column":39}},"2":{"start":{"line":3,"column":0},"end":{"line":3,"column":53}},"3":{"start":{"line":5,"column":22},"end":{"line":7,"column":2}},"4":{"start":{"line":23,"column":13},"end":{"line":26,"column":2}},"5":{"start":{"line":28,"column":0},"end":{"line":34,"column":2}},"6":{"start":{"line":36,"column":0},"end":{"line":42,"column":2}}},"fnMap":{},"branchMap":{"0":{"loc":{"start":{"line":24,"column":25},"end":{"line":24,"column":62}},"type":"binary-expr","locations":[{"start":{"line":24,"column":25},"end":{"line":24,"column":62}},{"start":{"line":24,"column":66},"end":{"line":24,"column":68}}]},"1":{"loc":{"start":{"line":25,"column":20},"end":{"line":25,"column":51}},"type":"binary-expr","locations":[{"start":{"line":25,"column":20},"end":{"line":25,"column":51}},{"start":{"line":25,"column":55},"end":{"line":25,"column":57}}]}},"s":{"0":1,"1":1,"2":1,"3":1,"4":1,"5":1,"6":1},"f":{},"b":{"0":[1,0],"1":[1,0]}}
,"/mnt/d/Project/smzdm-noty/packages/env-config/src/utils/string-format.ts": {"path":"/mnt/d/Project/smzdm-noty/packages/env-config/src/utils/string-format.ts","statementMap":{"0":{"start":{"line":6,"column":28},"end":{"line":12,"column":1}},"1":{"start":{"line":6,"column":29},"end":{"line":6,"column":43}},"2":{"start":{"line":7,"column":25},"end":{"line":7,"column":32}},"3":{"start":{"line":8,"column":2},"end":{"line":8,"column":45}},"4":{"start":{"line":9,"column":2},"end":{"line":11,"column":5}},"5":{"start":{"line":10,"column":4},"end":{"line":10,"column":69}},"6":{"start":{"line":6,"column":13},"end":{"line":6,"column":28}}},"fnMap":{"0":{"name":"(anonymous_0)","decl":{"start":{"line":6,"column":28},"end":{"line":6,"column":29}},"loc":{"start":{"line":6,"column":28},"end":{"line":12,"column":1}}},"1":{"name":"(anonymous_1)","decl":{"start":{"line":9,"column":36},"end":{"line":9,"column":46}},"loc":{"start":{"line":9,"column":59},"end":{"line":11,"column":3}}}},"branchMap":{"0":{"loc":{"start":{"line":10,"column":48},"end":{"line":10,"column":60}},"type":"cond-expr","locations":[{"start":{"line":10,"column":48},"end":{"line":10,"column":60}},{"start":{"line":10,"column":63},"end":{"line":10,"column":68}}]}},"s":{"0":1,"1":8,"2":2,"3":2,"4":2,"5":2,"6":1},"f":{"0":2,"1":2},"b":{"0":[2,0]}}
}
