TN:
SF:src/bootstrap.ts
FNF:0
FNH:0
DA:1,1
DA:2,1
DA:4,1
DA:6,1
LF:4
LH:4
BRF:0
BRH:0
end_of_record
TN:
SF:src/index.ts
FNF:0
FNH:0
DA:1,1
DA:2,1
DA:3,1
DA:5,1
DA:23,1
DA:28,1
DA:36,1
LF:7
LH:7
BRDA:24,0,0,1
BRDA:24,0,1,0
BRDA:25,1,0,1
BRDA:25,1,1,0
BRF:4
BRH:2
end_of_record
TN:
SF:src/utils/string-format.ts
FN:6,(anonymous_0)
FN:9,(anonymous_1)
FNF:2
FNH:2
FNDA:2,(anonymous_0)
FNDA:2,(anonymous_1)
DA:6,8
DA:7,2
DA:8,2
DA:9,2
DA:10,2
LF:5
LH:5
BRDA:10,0,0,2
BRDA:10,0,1,0
BRF:2
BRH:1
end_of_record
